<?xml version="1.0" encoding="UTF-8"?>
<!-- Generated by org.testng.reporters.JUnitReportReporter -->
<testsuite skipped="0" hostname="karimhashad" name="tests.CheckoutProcedures" tests="1" failures="0" timestamp="2020-08-10T17:11:23 EET" time="28.860" errors="0">
  <testcase name="user_Login" time="28.860" classname="tests.CheckoutProcedures"/>
</testsuite> <!-- tests.CheckoutProcedures -->
