<?xml version="1.0" encoding="UTF-8"?>
<!-- Generated by org.testng.reporters.JUnitReportReporter -->
<testsuite skipped="0" hostname="karimhashad" name="tests.Select_product" tests="1" failures="0" timestamp="2020-08-10T17:06:29 EET" time="12.393" errors="0">
  <testcase name="user_SelectBlouse" time="12.393" classname="tests.Select_product"/>
</testsuite> <!-- tests.Select_product -->
