<?xml version="1.0" encoding="UTF-8"?>
<!-- Generated by org.testng.reporters.JUnitReportReporter -->
<testsuite skipped="0" hostname="sit-HP" name="tests.User_LoginSuccessfully" tests="1" failures="0" timestamp="2020-10-08T17:07:47 EET" time="1.413" errors="0">
  <testcase name="user_Login" time="1.413" classname="tests.User_LoginSuccessfully"/>
  <system-out/>
</testsuite> <!-- tests.User_LoginSuccessfully -->
