<?xml version="1.0" encoding="UTF-8"?>
<!-- Generated by org.testng.reporters.JUnitReportReporter -->
<testsuite skipped="0" hostname="karimhashad" name="tests.User_selectBlouseSuccessfully" tests="1" failures="0" timestamp="2020-08-10T17:05:20 EET" time="11.285" errors="0">
  <testcase name="user_SelectBlouse" time="11.285" classname="tests.User_selectBlouseSuccessfully"/>
</testsuite> <!-- tests.User_selectBlouseSuccessfully -->
